<?xml version="1.0" encoding="UTF-8"?>
<!-- Generated by org.testng.reporters.JUnitReportReporter -->
<testsuite hostname="UMESH-PC" name="com.apitesting.DynamicJson" tests="1" failures="0" timestamp="25 Apr 2020 13:06:19 GMT" time="31.758" errors="0">
  <testcase name="addBook" time="31.758" classname="com.apitesting.DynamicJson"/>
</testsuite> <!-- com.apitesting.DynamicJson -->
