<?xml version="1.0" encoding="UTF-8"?>
<!-- Generated by org.testng.reporters.JUnitReportReporter -->
<testsuite hostname="UMESH-PC" name="com.apitesting.SumOfCourse" tests="1" failures="0" timestamp="25 Apr 2020 11:40:58 GMT" time="2.308" errors="0">
  <testcase name="sumCourse" time="2.308" classname="com.apitesting.SumOfCourse"/>
</testsuite> <!-- com.apitesting.SumOfCourse -->
