<?xml version="1.0" encoding="UTF-8"?>
<!-- Generated by org.testng.reporters.JUnitReportReporter -->
<testsuite hostname="UMESH-PC" name="com.apitesting.DataProvider" tests="3" failures="0" timestamp="27 Apr 2020 07:37:09 GMT" time="8.642" errors="0">
  <testcase name="addBook" time="0.140" classname="com.apitesting.DataProvider"/>
  <testcase name="addBook" time="0.202" classname="com.apitesting.DataProvider"/>
  <testcase name="addBook" time="8.300" classname="com.apitesting.DataProvider"/>
</testsuite> <!-- com.apitesting.DataProvider -->
